<?xml version="1.0" encoding="UTF-8"?>
<testsuite xmlns:xsi="http://www.w3.org/2001/XMLSchema-instance" xsi:noNamespaceSchemaLocation="https://maven.apache.org/surefire/maven-surefire-plugin/xsd/surefire-test-report.xsd" name="pe.edu.unmsm.delati.DelatiApplicationTests" time="4.099" tests="1" errors="0" skipped="0" failures="0">
  <properties>
    <property name="sun.desktop" value="windows"/>
    <property name="awt.toolkit" value="sun.awt.windows.WToolkit"/>
    <property name="file.encoding.pkg" value="sun.io"/>
    <property name="java.specification.version" value="1.8"/>
    <property name="sun.cpu.isalist" value="amd64"/>
    <property name="sun.jnu.encoding" value="Cp1252"/>
    <property name="java.class.path" value="D:\Archivos Christoper\CLASES 2021\2021-II\TALLER DE CONSTRUCCION DE SOFTWARE\Delati project\delati-backend\target\test-classes;D:\Archivos Christoper\CLASES 2021\2021-II\TALLER DE CONSTRUCCION DE SOFTWARE\Delati project\delati-backend\target\classes;C:\Users\CHRISTOPER\.m2\repository\org\springframework\boot\spring-boot-starter-web\2.5.2\spring-boot-starter-web-2.5.2.jar;C:\Users\CHRISTOPER\.m2\repository\org\springframework\boot\spring-boot-starter\2.5.2\spring-boot-starter-2.5.2.jar;C:\Users\CHRISTOPER\.m2\repository\org\springframework\boot\spring-boot\2.5.2\spring-boot-2.5.2.jar;C:\Users\CHRISTOPER\.m2\repository\org\springframework\boot\spring-boot-autoconfigure\2.5.2\spring-boot-autoconfigure-2.5.2.jar;C:\Users\CHRISTOPER\.m2\repository\org\springframework\boot\spring-boot-starter-logging\2.5.2\spring-boot-starter-logging-2.5.2.jar;C:\Users\CHRISTOPER\.m2\repository\ch\qos\logback\logback-classic\1.2.3\logback-classic-1.2.3.jar;C:\Users\CHRISTOPER\.m2\repository\ch\qos\logback\logback-core\1.2.3\logback-core-1.2.3.jar;C:\Users\CHRISTOPER\.m2\repository\org\apache\logging\log4j\log4j-to-slf4j\2.14.1\log4j-to-slf4j-2.14.1.jar;C:\Users\CHRISTOPER\.m2\repository\org\apache\logging\log4j\log4j-api\2.14.1\log4j-api-2.14.1.jar;C:\Users\CHRISTOPER\.m2\repository\org\slf4j\jul-to-slf4j\1.7.31\jul-to-slf4j-1.7.31.jar;C:\Users\CHRISTOPER\.m2\repository\jakarta\annotation\jakarta.annotation-api\1.3.5\jakarta.annotation-api-1.3.5.jar;C:\Users\CHRISTOPER\.m2\repository\org\yaml\snakeyaml\1.28\snakeyaml-1.28.jar;C:\Users\CHRISTOPER\.m2\repository\org\springframework\boot\spring-boot-starter-json\2.5.2\spring-boot-starter-json-2.5.2.jar;C:\Users\CHRISTOPER\.m2\repository\com\fasterxml\jackson\core\jackson-databind\2.12.3\jackson-databind-2.12.3.jar;C:\Users\CHRISTOPER\.m2\repository\com\fasterxml\jackson\core\jackson-core\2.12.3\jackson-core-2.12.3.jar;C:\Users\CHRISTOPER\.m2\repository\com\fasterxml\jackson\datatype\jackson-datatype-jdk8\2.12.3\jackson-datatype-jdk8-2.12.3.jar;C:\Users\CHRISTOPER\.m2\repository\com\fasterxml\jackson\datatype\jackson-datatype-jsr310\2.12.3\jackson-datatype-jsr310-2.12.3.jar;C:\Users\CHRISTOPER\.m2\repository\com\fasterxml\jackson\module\jackson-module-parameter-names\2.12.3\jackson-module-parameter-names-2.12.3.jar;C:\Users\CHRISTOPER\.m2\repository\org\springframework\boot\spring-boot-starter-tomcat\2.5.2\spring-boot-starter-tomcat-2.5.2.jar;C:\Users\CHRISTOPER\.m2\repository\org\apache\tomcat\embed\tomcat-embed-core\9.0.48\tomcat-embed-core-9.0.48.jar;C:\Users\CHRISTOPER\.m2\repository\org\apache\tomcat\embed\tomcat-embed-el\9.0.48\tomcat-embed-el-9.0.48.jar;C:\Users\CHRISTOPER\.m2\repository\org\apache\tomcat\embed\tomcat-embed-websocket\9.0.48\tomcat-embed-websocket-9.0.48.jar;C:\Users\CHRISTOPER\.m2\repository\org\springframework\spring-web\5.3.8\spring-web-5.3.8.jar;C:\Users\CHRISTOPER\.m2\repository\org\springframework\spring-beans\5.3.8\spring-beans-5.3.8.jar;C:\Users\CHRISTOPER\.m2\repository\org\springframework\spring-webmvc\5.3.8\spring-webmvc-5.3.8.jar;C:\Users\CHRISTOPER\.m2\repository\org\springframework\spring-aop\5.3.8\spring-aop-5.3.8.jar;C:\Users\CHRISTOPER\.m2\repository\org\springframework\spring-context\5.3.8\spring-context-5.3.8.jar;C:\Users\CHRISTOPER\.m2\repository\org\springframework\spring-expression\5.3.8\spring-expression-5.3.8.jar;C:\Users\CHRISTOPER\.m2\repository\org\springframework\boot\spring-boot-starter-test\2.5.2\spring-boot-starter-test-2.5.2.jar;C:\Users\CHRISTOPER\.m2\repository\org\springframework\boot\spring-boot-test\2.5.2\spring-boot-test-2.5.2.jar;C:\Users\CHRISTOPER\.m2\repository\org\springframework\boot\spring-boot-test-autoconfigure\2.5.2\spring-boot-test-autoconfigure-2.5.2.jar;C:\Users\CHRISTOPER\.m2\repository\com\jayway\jsonpath\json-path\2.5.0\json-path-2.5.0.jar;C:\Users\CHRISTOPER\.m2\repository\net\minidev\json-smart\2.4.7\json-smart-2.4.7.jar;C:\Users\CHRISTOPER\.m2\repository\net\minidev\accessors-smart\2.4.7\accessors-smart-2.4.7.jar;C:\Users\CHRISTOPER\.m2\repository\org\ow2\asm\asm\9.1\asm-9.1.jar;C:\Users\CHRISTOPER\.m2\repository\jakarta\xml\bind\jakarta.xml.bind-api\2.3.3\jakarta.xml.bind-api-2.3.3.jar;C:\Users\CHRISTOPER\.m2\repository\org\assertj\assertj-core\3.19.0\assertj-core-3.19.0.jar;C:\Users\CHRISTOPER\.m2\repository\org\hamcrest\hamcrest\2.2\hamcrest-2.2.jar;C:\Users\CHRISTOPER\.m2\repository\org\junit\jupiter\junit-jupiter\5.7.2\junit-jupiter-5.7.2.jar;C:\Users\CHRISTOPER\.m2\repository\org\junit\jupiter\junit-jupiter-api\5.7.2\junit-jupiter-api-5.7.2.jar;C:\Users\CHRISTOPER\.m2\repository\org\apiguardian\apiguardian-api\1.1.0\apiguardian-api-1.1.0.jar;C:\Users\CHRISTOPER\.m2\repository\org\opentest4j\opentest4j\1.2.0\opentest4j-1.2.0.jar;C:\Users\CHRISTOPER\.m2\repository\org\junit\platform\junit-platform-commons\1.7.2\junit-platform-commons-1.7.2.jar;C:\Users\CHRISTOPER\.m2\repository\org\junit\jupiter\junit-jupiter-params\5.7.2\junit-jupiter-params-5.7.2.jar;C:\Users\CHRISTOPER\.m2\repository\org\junit\jupiter\junit-jupiter-engine\5.7.2\junit-jupiter-engine-5.7.2.jar;C:\Users\CHRISTOPER\.m2\repository\org\junit\platform\junit-platform-engine\1.7.2\junit-platform-engine-1.7.2.jar;C:\Users\CHRISTOPER\.m2\repository\org\mockito\mockito-core\3.9.0\mockito-core-3.9.0.jar;C:\Users\CHRISTOPER\.m2\repository\net\bytebuddy\byte-buddy\1.10.22\byte-buddy-1.10.22.jar;C:\Users\CHRISTOPER\.m2\repository\net\bytebuddy\byte-buddy-agent\1.10.22\byte-buddy-agent-1.10.22.jar;C:\Users\CHRISTOPER\.m2\repository\org\objenesis\objenesis\3.2\objenesis-3.2.jar;C:\Users\CHRISTOPER\.m2\repository\org\mockito\mockito-junit-jupiter\3.9.0\mockito-junit-jupiter-3.9.0.jar;C:\Users\CHRISTOPER\.m2\repository\org\skyscreamer\jsonassert\1.5.0\jsonassert-1.5.0.jar;C:\Users\CHRISTOPER\.m2\repository\com\vaadin\external\google\android-json\0.0.20131108.vaadin1\android-json-0.0.20131108.vaadin1.jar;C:\Users\CHRISTOPER\.m2\repository\org\springframework\spring-core\5.3.8\spring-core-5.3.8.jar;C:\Users\CHRISTOPER\.m2\repository\org\springframework\spring-jcl\5.3.8\spring-jcl-5.3.8.jar;C:\Users\CHRISTOPER\.m2\repository\org\springframework\spring-test\5.3.8\spring-test-5.3.8.jar;C:\Users\CHRISTOPER\.m2\repository\org\xmlunit\xmlunit-core\2.8.2\xmlunit-core-2.8.2.jar;C:\Users\CHRISTOPER\.m2\repository\org\postgresql\postgresql\42.2.22\postgresql-42.2.22.jar;C:\Users\CHRISTOPER\.m2\repository\org\checkerframework\checker-qual\3.5.0\checker-qual-3.5.0.jar;C:\Users\CHRISTOPER\.m2\repository\nz\ac\waikato\cms\weka\weka-stable\3.8.5\weka-stable-3.8.5.jar;C:\Users\CHRISTOPER\.m2\repository\com\github\vbmacher\java-cup\11b-20160615\java-cup-11b-20160615.jar;C:\Users\CHRISTOPER\.m2\repository\com\github\vbmacher\java-cup-runtime\11b-20160615\java-cup-runtime-11b-20160615.jar;C:\Users\CHRISTOPER\.m2\repository\nz\ac\waikato\cms\weka\thirdparty\bounce\0.18\bounce-0.18.jar;C:\Users\CHRISTOPER\.m2\repository\com\googlecode\matrix-toolkits-java\mtj\1.0.4\mtj-1.0.4.jar;C:\Users\CHRISTOPER\.m2\repository\com\github\fommil\netlib\netlib-native_ref-osx-x86_64\1.1\netlib-native_ref-osx-x86_64-1.1-natives.jar;C:\Users\CHRISTOPER\.m2\repository\com\github\fommil\netlib\native_ref-java\1.1\native_ref-java-1.1.jar;C:\Users\CHRISTOPER\.m2\repository\com\github\fommil\jniloader\1.1\jniloader-1.1.jar;C:\Users\CHRISTOPER\.m2\repository\com\github\fommil\netlib\netlib-native_ref-linux-x86_64\1.1\netlib-native_ref-linux-x86_64-1.1-natives.jar;C:\Users\CHRISTOPER\.m2\repository\com\github\fommil\netlib\netlib-native_ref-linux-i686\1.1\netlib-native_ref-linux-i686-1.1-natives.jar;C:\Users\CHRISTOPER\.m2\repository\com\github\fommil\netlib\netlib-native_ref-win-x86_64\1.1\netlib-native_ref-win-x86_64-1.1-natives.jar;C:\Users\CHRISTOPER\.m2\repository\com\github\fommil\netlib\netlib-native_ref-win-i686\1.1\netlib-native_ref-win-i686-1.1-natives.jar;C:\Users\CHRISTOPER\.m2\repository\com\github\fommil\netlib\netlib-native_ref-linux-armhf\1.1\netlib-native_ref-linux-armhf-1.1-natives.jar;C:\Users\CHRISTOPER\.m2\repository\com\github\fommil\netlib\netlib-native_system-osx-x86_64\1.1\netlib-native_system-osx-x86_64-1.1-natives.jar;C:\Users\CHRISTOPER\.m2\repository\com\github\fommil\netlib\native_system-java\1.1\native_system-java-1.1.jar;C:\Users\CHRISTOPER\.m2\repository\com\github\fommil\netlib\netlib-native_system-linux-x86_64\1.1\netlib-native_system-linux-x86_64-1.1-natives.jar;C:\Users\CHRISTOPER\.m2\repository\com\github\fommil\netlib\netlib-native_system-linux-i686\1.1\netlib-native_system-linux-i686-1.1-natives.jar;C:\Users\CHRISTOPER\.m2\repository\com\github\fommil\netlib\netlib-native_system-linux-armhf\1.1\netlib-native_system-linux-armhf-1.1-natives.jar;C:\Users\CHRISTOPER\.m2\repository\com\github\fommil\netlib\netlib-native_system-win-x86_64\1.1\netlib-native_system-win-x86_64-1.1-natives.jar;C:\Users\CHRISTOPER\.m2\repository\com\github\fommil\netlib\netlib-native_system-win-i686\1.1\netlib-native_system-win-i686-1.1-natives.jar;C:\Users\CHRISTOPER\.m2\repository\net\sourceforge\f2j\arpack_combined_all\0.1\arpack_combined_all-0.1.jar;C:\Users\CHRISTOPER\.m2\repository\com\googlecode\netlib-java\netlib-java\1.1\netlib-java-1.1.jar;C:\Users\CHRISTOPER\.m2\repository\com\github\fommil\netlib\core\1.1\core-1.1.jar;C:\Users\CHRISTOPER\.m2\repository\com\github\fracpete\jfilechooser-bookmarks\0.1.6\jfilechooser-bookmarks-0.1.6.jar;C:\Users\CHRISTOPER\.m2\repository\com\github\fracpete\jclipboardhelper\0.1.0\jclipboardhelper-0.1.0.jar;C:\Users\CHRISTOPER\.m2\repository\com\sun\istack\istack-commons-runtime\3.0.11\istack-commons-runtime-3.0.11.jar;C:\Users\CHRISTOPER\.m2\repository\jakarta\activation\jakarta.activation-api\1.2.2\jakarta.activation-api-1.2.2.jar;C:\Users\CHRISTOPER\.m2\repository\org\glassfish\jaxb\jaxb-runtime\2.3.4\jaxb-runtime-2.3.4.jar;C:\Users\CHRISTOPER\.m2\repository\org\glassfish\jaxb\txw2\2.3.4\txw2-2.3.4.jar;C:\Users\CHRISTOPER\.m2\repository\com\sun\activation\jakarta.activation\1.2.2\jakarta.activation-1.2.2.jar;C:\Users\CHRISTOPER\.m2\repository\io\springfox\springfox-swagger2\3.0.0\springfox-swagger2-3.0.0.jar;C:\Users\CHRISTOPER\.m2\repository\io\springfox\springfox-spi\3.0.0\springfox-spi-3.0.0.jar;C:\Users\CHRISTOPER\.m2\repository\io\springfox\springfox-core\3.0.0\springfox-core-3.0.0.jar;C:\Users\CHRISTOPER\.m2\repository\io\springfox\springfox-schema\3.0.0\springfox-schema-3.0.0.jar;C:\Users\CHRISTOPER\.m2\repository\io\springfox\springfox-swagger-common\3.0.0\springfox-swagger-common-3.0.0.jar;C:\Users\CHRISTOPER\.m2\repository\io\swagger\core\v3\swagger-annotations\2.1.2\swagger-annotations-2.1.2.jar;C:\Users\CHRISTOPER\.m2\repository\io\springfox\springfox-spring-web\3.0.0\springfox-spring-web-3.0.0.jar;C:\Users\CHRISTOPER\.m2\repository\io\github\classgraph\classgraph\4.8.83\classgraph-4.8.83.jar;C:\Users\CHRISTOPER\.m2\repository\io\springfox\springfox-spring-webmvc\3.0.0\springfox-spring-webmvc-3.0.0.jar;C:\Users\CHRISTOPER\.m2\repository\io\springfox\springfox-spring-webflux\3.0.0\springfox-spring-webflux-3.0.0.jar;C:\Users\CHRISTOPER\.m2\repository\com\fasterxml\classmate\1.5.1\classmate-1.5.1.jar;C:\Users\CHRISTOPER\.m2\repository\org\slf4j\slf4j-api\1.7.31\slf4j-api-1.7.31.jar;C:\Users\CHRISTOPER\.m2\repository\org\springframework\plugin\spring-plugin-core\2.0.0.RELEASE\spring-plugin-core-2.0.0.RELEASE.jar;C:\Users\CHRISTOPER\.m2\repository\org\springframework\plugin\spring-plugin-metadata\2.0.0.RELEASE\spring-plugin-metadata-2.0.0.RELEASE.jar;C:\Users\CHRISTOPER\.m2\repository\io\swagger\swagger-annotations\1.5.20\swagger-annotations-1.5.20.jar;C:\Users\CHRISTOPER\.m2\repository\io\swagger\swagger-models\1.5.20\swagger-models-1.5.20.jar;C:\Users\CHRISTOPER\.m2\repository\com\fasterxml\jackson\core\jackson-annotations\2.12.3\jackson-annotations-2.12.3.jar;C:\Users\CHRISTOPER\.m2\repository\org\mapstruct\mapstruct\1.3.1.Final\mapstruct-1.3.1.Final.jar;C:\Users\CHRISTOPER\.m2\repository\jakarta\persistence\jakarta.persistence-api\2.2.3\jakarta.persistence-api-2.2.3.jar;"/>
    <property name="java.vm.vendor" value="Oracle Corporation"/>
    <property name="sun.arch.data.model" value="64"/>
    <property name="user.variant" value=""/>
    <property name="java.vendor.url" value="http://java.oracle.com/"/>
    <property name="user.timezone" value="America/Bogota"/>
    <property name="java.vm.specification.version" value="1.8"/>
    <property name="os.name" value="Windows 10"/>
    <property name="user.country" value="PE"/>
    <property name="sun.java.launcher" value="SUN_STANDARD"/>
    <property name="sun.boot.library.path" value="D:\Archivos de programa\NetBeans 8.2\jdk1.8.0_111\jre\bin"/>
    <property name="sun.java.command" value="C:\Users\CHRISTOPER\AppData\Local\Temp\surefire7117346774215292856\surefirebooter32201217461302803.jar C:\Users\CHRISTOPER\AppData\Local\Temp\surefire7117346774215292856 2022-01-16T12-37-41_661-jvmRun1 surefire2304682653235002860tmp surefire_08801066230555001374tmp"/>
    <property name="surefire.test.class.path" value="D:\Archivos Christoper\CLASES 2021\2021-II\TALLER DE CONSTRUCCION DE SOFTWARE\Delati project\delati-backend\target\test-classes;D:\Archivos Christoper\CLASES 2021\2021-II\TALLER DE CONSTRUCCION DE SOFTWARE\Delati project\delati-backend\target\classes;C:\Users\CHRISTOPER\.m2\repository\org\springframework\boot\spring-boot-starter-web\2.5.2\spring-boot-starter-web-2.5.2.jar;C:\Users\CHRISTOPER\.m2\repository\org\springframework\boot\spring-boot-starter\2.5.2\spring-boot-starter-2.5.2.jar;C:\Users\CHRISTOPER\.m2\repository\org\springframework\boot\spring-boot\2.5.2\spring-boot-2.5.2.jar;C:\Users\CHRISTOPER\.m2\repository\org\springframework\boot\spring-boot-autoconfigure\2.5.2\spring-boot-autoconfigure-2.5.2.jar;C:\Users\CHRISTOPER\.m2\repository\org\springframework\boot\spring-boot-starter-logging\2.5.2\spring-boot-starter-logging-2.5.2.jar;C:\Users\CHRISTOPER\.m2\repository\ch\qos\logback\logback-classic\1.2.3\logback-classic-1.2.3.jar;C:\Users\CHRISTOPER\.m2\repository\ch\qos\logback\logback-core\1.2.3\logback-core-1.2.3.jar;C:\Users\CHRISTOPER\.m2\repository\org\apache\logging\log4j\log4j-to-slf4j\2.14.1\log4j-to-slf4j-2.14.1.jar;C:\Users\CHRISTOPER\.m2\repository\org\apache\logging\log4j\log4j-api\2.14.1\log4j-api-2.14.1.jar;C:\Users\CHRISTOPER\.m2\repository\org\slf4j\jul-to-slf4j\1.7.31\jul-to-slf4j-1.7.31.jar;C:\Users\CHRISTOPER\.m2\repository\jakarta\annotation\jakarta.annotation-api\1.3.5\jakarta.annotation-api-1.3.5.jar;C:\Users\CHRISTOPER\.m2\repository\org\yaml\snakeyaml\1.28\snakeyaml-1.28.jar;C:\Users\CHRISTOPER\.m2\repository\org\springframework\boot\spring-boot-starter-json\2.5.2\spring-boot-starter-json-2.5.2.jar;C:\Users\CHRISTOPER\.m2\repository\com\fasterxml\jackson\core\jackson-databind\2.12.3\jackson-databind-2.12.3.jar;C:\Users\CHRISTOPER\.m2\repository\com\fasterxml\jackson\core\jackson-core\2.12.3\jackson-core-2.12.3.jar;C:\Users\CHRISTOPER\.m2\repository\com\fasterxml\jackson\datatype\jackson-datatype-jdk8\2.12.3\jackson-datatype-jdk8-2.12.3.jar;C:\Users\CHRISTOPER\.m2\repository\com\fasterxml\jackson\datatype\jackson-datatype-jsr310\2.12.3\jackson-datatype-jsr310-2.12.3.jar;C:\Users\CHRISTOPER\.m2\repository\com\fasterxml\jackson\module\jackson-module-parameter-names\2.12.3\jackson-module-parameter-names-2.12.3.jar;C:\Users\CHRISTOPER\.m2\repository\org\springframework\boot\spring-boot-starter-tomcat\2.5.2\spring-boot-starter-tomcat-2.5.2.jar;C:\Users\CHRISTOPER\.m2\repository\org\apache\tomcat\embed\tomcat-embed-core\9.0.48\tomcat-embed-core-9.0.48.jar;C:\Users\CHRISTOPER\.m2\repository\org\apache\tomcat\embed\tomcat-embed-el\9.0.48\tomcat-embed-el-9.0.48.jar;C:\Users\CHRISTOPER\.m2\repository\org\apache\tomcat\embed\tomcat-embed-websocket\9.0.48\tomcat-embed-websocket-9.0.48.jar;C:\Users\CHRISTOPER\.m2\repository\org\springframework\spring-web\5.3.8\spring-web-5.3.8.jar;C:\Users\CHRISTOPER\.m2\repository\org\springframework\spring-beans\5.3.8\spring-beans-5.3.8.jar;C:\Users\CHRISTOPER\.m2\repository\org\springframework\spring-webmvc\5.3.8\spring-webmvc-5.3.8.jar;C:\Users\CHRISTOPER\.m2\repository\org\springframework\spring-aop\5.3.8\spring-aop-5.3.8.jar;C:\Users\CHRISTOPER\.m2\repository\org\springframework\spring-context\5.3.8\spring-context-5.3.8.jar;C:\Users\CHRISTOPER\.m2\repository\org\springframework\spring-expression\5.3.8\spring-expression-5.3.8.jar;C:\Users\CHRISTOPER\.m2\repository\org\springframework\boot\spring-boot-starter-test\2.5.2\spring-boot-starter-test-2.5.2.jar;C:\Users\CHRISTOPER\.m2\repository\org\springframework\boot\spring-boot-test\2.5.2\spring-boot-test-2.5.2.jar;C:\Users\CHRISTOPER\.m2\repository\org\springframework\boot\spring-boot-test-autoconfigure\2.5.2\spring-boot-test-autoconfigure-2.5.2.jar;C:\Users\CHRISTOPER\.m2\repository\com\jayway\jsonpath\json-path\2.5.0\json-path-2.5.0.jar;C:\Users\CHRISTOPER\.m2\repository\net\minidev\json-smart\2.4.7\json-smart-2.4.7.jar;C:\Users\CHRISTOPER\.m2\repository\net\minidev\accessors-smart\2.4.7\accessors-smart-2.4.7.jar;C:\Users\CHRISTOPER\.m2\repository\org\ow2\asm\asm\9.1\asm-9.1.jar;C:\Users\CHRISTOPER\.m2\repository\jakarta\xml\bind\jakarta.xml.bind-api\2.3.3\jakarta.xml.bind-api-2.3.3.jar;C:\Users\CHRISTOPER\.m2\repository\org\assertj\assertj-core\3.19.0\assertj-core-3.19.0.jar;C:\Users\CHRISTOPER\.m2\repository\org\hamcrest\hamcrest\2.2\hamcrest-2.2.jar;C:\Users\CHRISTOPER\.m2\repository\org\junit\jupiter\junit-jupiter\5.7.2\junit-jupiter-5.7.2.jar;C:\Users\CHRISTOPER\.m2\repository\org\junit\jupiter\junit-jupiter-api\5.7.2\junit-jupiter-api-5.7.2.jar;C:\Users\CHRISTOPER\.m2\repository\org\apiguardian\apiguardian-api\1.1.0\apiguardian-api-1.1.0.jar;C:\Users\CHRISTOPER\.m2\repository\org\opentest4j\opentest4j\1.2.0\opentest4j-1.2.0.jar;C:\Users\CHRISTOPER\.m2\repository\org\junit\platform\junit-platform-commons\1.7.2\junit-platform-commons-1.7.2.jar;C:\Users\CHRISTOPER\.m2\repository\org\junit\jupiter\junit-jupiter-params\5.7.2\junit-jupiter-params-5.7.2.jar;C:\Users\CHRISTOPER\.m2\repository\org\junit\jupiter\junit-jupiter-engine\5.7.2\junit-jupiter-engine-5.7.2.jar;C:\Users\CHRISTOPER\.m2\repository\org\junit\platform\junit-platform-engine\1.7.2\junit-platform-engine-1.7.2.jar;C:\Users\CHRISTOPER\.m2\repository\org\mockito\mockito-core\3.9.0\mockito-core-3.9.0.jar;C:\Users\CHRISTOPER\.m2\repository\net\bytebuddy\byte-buddy\1.10.22\byte-buddy-1.10.22.jar;C:\Users\CHRISTOPER\.m2\repository\net\bytebuddy\byte-buddy-agent\1.10.22\byte-buddy-agent-1.10.22.jar;C:\Users\CHRISTOPER\.m2\repository\org\objenesis\objenesis\3.2\objenesis-3.2.jar;C:\Users\CHRISTOPER\.m2\repository\org\mockito\mockito-junit-jupiter\3.9.0\mockito-junit-jupiter-3.9.0.jar;C:\Users\CHRISTOPER\.m2\repository\org\skyscreamer\jsonassert\1.5.0\jsonassert-1.5.0.jar;C:\Users\CHRISTOPER\.m2\repository\com\vaadin\external\google\android-json\0.0.20131108.vaadin1\android-json-0.0.20131108.vaadin1.jar;C:\Users\CHRISTOPER\.m2\repository\org\springframework\spring-core\5.3.8\spring-core-5.3.8.jar;C:\Users\CHRISTOPER\.m2\repository\org\springframework\spring-jcl\5.3.8\spring-jcl-5.3.8.jar;C:\Users\CHRISTOPER\.m2\repository\org\springframework\spring-test\5.3.8\spring-test-5.3.8.jar;C:\Users\CHRISTOPER\.m2\repository\org\xmlunit\xmlunit-core\2.8.2\xmlunit-core-2.8.2.jar;C:\Users\CHRISTOPER\.m2\repository\org\postgresql\postgresql\42.2.22\postgresql-42.2.22.jar;C:\Users\CHRISTOPER\.m2\repository\org\checkerframework\checker-qual\3.5.0\checker-qual-3.5.0.jar;C:\Users\CHRISTOPER\.m2\repository\nz\ac\waikato\cms\weka\weka-stable\3.8.5\weka-stable-3.8.5.jar;C:\Users\CHRISTOPER\.m2\repository\com\github\vbmacher\java-cup\11b-20160615\java-cup-11b-20160615.jar;C:\Users\CHRISTOPER\.m2\repository\com\github\vbmacher\java-cup-runtime\11b-20160615\java-cup-runtime-11b-20160615.jar;C:\Users\CHRISTOPER\.m2\repository\nz\ac\waikato\cms\weka\thirdparty\bounce\0.18\bounce-0.18.jar;C:\Users\CHRISTOPER\.m2\repository\com\googlecode\matrix-toolkits-java\mtj\1.0.4\mtj-1.0.4.jar;C:\Users\CHRISTOPER\.m2\repository\com\github\fommil\netlib\netlib-native_ref-osx-x86_64\1.1\netlib-native_ref-osx-x86_64-1.1-natives.jar;C:\Users\CHRISTOPER\.m2\repository\com\github\fommil\netlib\native_ref-java\1.1\native_ref-java-1.1.jar;C:\Users\CHRISTOPER\.m2\repository\com\github\fommil\jniloader\1.1\jniloader-1.1.jar;C:\Users\CHRISTOPER\.m2\repository\com\github\fommil\netlib\netlib-native_ref-linux-x86_64\1.1\netlib-native_ref-linux-x86_64-1.1-natives.jar;C:\Users\CHRISTOPER\.m2\repository\com\github\fommil\netlib\netlib-native_ref-linux-i686\1.1\netlib-native_ref-linux-i686-1.1-natives.jar;C:\Users\CHRISTOPER\.m2\repository\com\github\fommil\netlib\netlib-native_ref-win-x86_64\1.1\netlib-native_ref-win-x86_64-1.1-natives.jar;C:\Users\CHRISTOPER\.m2\repository\com\github\fommil\netlib\netlib-native_ref-win-i686\1.1\netlib-native_ref-win-i686-1.1-natives.jar;C:\Users\CHRISTOPER\.m2\repository\com\github\fommil\netlib\netlib-native_ref-linux-armhf\1.1\netlib-native_ref-linux-armhf-1.1-natives.jar;C:\Users\CHRISTOPER\.m2\repository\com\github\fommil\netlib\netlib-native_system-osx-x86_64\1.1\netlib-native_system-osx-x86_64-1.1-natives.jar;C:\Users\CHRISTOPER\.m2\repository\com\github\fommil\netlib\native_system-java\1.1\native_system-java-1.1.jar;C:\Users\CHRISTOPER\.m2\repository\com\github\fommil\netlib\netlib-native_system-linux-x86_64\1.1\netlib-native_system-linux-x86_64-1.1-natives.jar;C:\Users\CHRISTOPER\.m2\repository\com\github\fommil\netlib\netlib-native_system-linux-i686\1.1\netlib-native_system-linux-i686-1.1-natives.jar;C:\Users\CHRISTOPER\.m2\repository\com\github\fommil\netlib\netlib-native_system-linux-armhf\1.1\netlib-native_system-linux-armhf-1.1-natives.jar;C:\Users\CHRISTOPER\.m2\repository\com\github\fommil\netlib\netlib-native_system-win-x86_64\1.1\netlib-native_system-win-x86_64-1.1-natives.jar;C:\Users\CHRISTOPER\.m2\repository\com\github\fommil\netlib\netlib-native_system-win-i686\1.1\netlib-native_system-win-i686-1.1-natives.jar;C:\Users\CHRISTOPER\.m2\repository\net\sourceforge\f2j\arpack_combined_all\0.1\arpack_combined_all-0.1.jar;C:\Users\CHRISTOPER\.m2\repository\com\googlecode\netlib-java\netlib-java\1.1\netlib-java-1.1.jar;C:\Users\CHRISTOPER\.m2\repository\com\github\fommil\netlib\core\1.1\core-1.1.jar;C:\Users\CHRISTOPER\.m2\repository\com\github\fracpete\jfilechooser-bookmarks\0.1.6\jfilechooser-bookmarks-0.1.6.jar;C:\Users\CHRISTOPER\.m2\repository\com\github\fracpete\jclipboardhelper\0.1.0\jclipboardhelper-0.1.0.jar;C:\Users\CHRISTOPER\.m2\repository\com\sun\istack\istack-commons-runtime\3.0.11\istack-commons-runtime-3.0.11.jar;C:\Users\CHRISTOPER\.m2\repository\jakarta\activation\jakarta.activation-api\1.2.2\jakarta.activation-api-1.2.2.jar;C:\Users\CHRISTOPER\.m2\repository\org\glassfish\jaxb\jaxb-runtime\2.3.4\jaxb-runtime-2.3.4.jar;C:\Users\CHRISTOPER\.m2\repository\org\glassfish\jaxb\txw2\2.3.4\txw2-2.3.4.jar;C:\Users\CHRISTOPER\.m2\repository\com\sun\activation\jakarta.activation\1.2.2\jakarta.activation-1.2.2.jar;C:\Users\CHRISTOPER\.m2\repository\io\springfox\springfox-swagger2\3.0.0\springfox-swagger2-3.0.0.jar;C:\Users\CHRISTOPER\.m2\repository\io\springfox\springfox-spi\3.0.0\springfox-spi-3.0.0.jar;C:\Users\CHRISTOPER\.m2\repository\io\springfox\springfox-core\3.0.0\springfox-core-3.0.0.jar;C:\Users\CHRISTOPER\.m2\repository\io\springfox\springfox-schema\3.0.0\springfox-schema-3.0.0.jar;C:\Users\CHRISTOPER\.m2\repository\io\springfox\springfox-swagger-common\3.0.0\springfox-swagger-common-3.0.0.jar;C:\Users\CHRISTOPER\.m2\repository\io\swagger\core\v3\swagger-annotations\2.1.2\swagger-annotations-2.1.2.jar;C:\Users\CHRISTOPER\.m2\repository\io\springfox\springfox-spring-web\3.0.0\springfox-spring-web-3.0.0.jar;C:\Users\CHRISTOPER\.m2\repository\io\github\classgraph\classgraph\4.8.83\classgraph-4.8.83.jar;C:\Users\CHRISTOPER\.m2\repository\io\springfox\springfox-spring-webmvc\3.0.0\springfox-spring-webmvc-3.0.0.jar;C:\Users\CHRISTOPER\.m2\repository\io\springfox\springfox-spring-webflux\3.0.0\springfox-spring-webflux-3.0.0.jar;C:\Users\CHRISTOPER\.m2\repository\com\fasterxml\classmate\1.5.1\classmate-1.5.1.jar;C:\Users\CHRISTOPER\.m2\repository\org\slf4j\slf4j-api\1.7.31\slf4j-api-1.7.31.jar;C:\Users\CHRISTOPER\.m2\repository\org\springframework\plugin\spring-plugin-core\2.0.0.RELEASE\spring-plugin-core-2.0.0.RELEASE.jar;C:\Users\CHRISTOPER\.m2\repository\org\springframework\plugin\spring-plugin-metadata\2.0.0.RELEASE\spring-plugin-metadata-2.0.0.RELEASE.jar;C:\Users\CHRISTOPER\.m2\repository\io\swagger\swagger-annotations\1.5.20\swagger-annotations-1.5.20.jar;C:\Users\CHRISTOPER\.m2\repository\io\swagger\swagger-models\1.5.20\swagger-models-1.5.20.jar;C:\Users\CHRISTOPER\.m2\repository\com\fasterxml\jackson\core\jackson-annotations\2.12.3\jackson-annotations-2.12.3.jar;C:\Users\CHRISTOPER\.m2\repository\org\mapstruct\mapstruct\1.3.1.Final\mapstruct-1.3.1.Final.jar;C:\Users\CHRISTOPER\.m2\repository\jakarta\persistence\jakarta.persistence-api\2.2.3\jakarta.persistence-api-2.2.3.jar;"/>
    <property name="sun.cpu.endian" value="little"/>
    <property name="user.home" value="C:\Users\CHRISTOPER"/>
    <property name="user.language" value="es"/>
    <property name="java.specification.vendor" value="Oracle Corporation"/>
    <property name="java.home" value="D:\Archivos de programa\NetBeans 8.2\jdk1.8.0_111\jre"/>
    <property name="basedir" value="D:\Archivos Christoper\CLASES 2021\2021-II\TALLER DE CONSTRUCCION DE SOFTWARE\Delati project\delati-backend"/>
    <property name="file.separator" value="\"/>
    <property name="line.separator" value="&#10;"/>
    <property name="java.vm.specification.vendor" value="Oracle Corporation"/>
    <property name="java.specification.name" value="Java Platform API Specification"/>
    <property name="java.awt.graphicsenv" value="sun.awt.Win32GraphicsEnvironment"/>
    <property name="surefire.real.class.path" value="C:\Users\CHRISTOPER\AppData\Local\Temp\surefire7117346774215292856\surefirebooter32201217461302803.jar"/>
    <property name="sun.boot.class.path" value="D:\Archivos de programa\NetBeans 8.2\jdk1.8.0_111\jre\lib\resources.jar;D:\Archivos de programa\NetBeans 8.2\jdk1.8.0_111\jre\lib\rt.jar;D:\Archivos de programa\NetBeans 8.2\jdk1.8.0_111\jre\lib\sunrsasign.jar;D:\Archivos de programa\NetBeans 8.2\jdk1.8.0_111\jre\lib\jsse.jar;D:\Archivos de programa\NetBeans 8.2\jdk1.8.0_111\jre\lib\jce.jar;D:\Archivos de programa\NetBeans 8.2\jdk1.8.0_111\jre\lib\charsets.jar;D:\Archivos de programa\NetBeans 8.2\jdk1.8.0_111\jre\lib\jfr.jar;D:\Archivos de programa\NetBeans 8.2\jdk1.8.0_111\jre\classes"/>
    <property name="user.script" value=""/>
    <property name="sun.management.compiler" value="HotSpot 64-Bit Tiered Compilers"/>
    <property name="java.runtime.version" value="1.8.0_111-b14"/>
    <property name="user.name" value="CHRISTOPER"/>
    <property name="path.separator" value=";"/>
    <property name="os.version" value="10.0"/>
    <property name="java.endorsed.dirs" value="D:\Archivos de programa\NetBeans 8.2\jdk1.8.0_111\jre\lib\endorsed"/>
    <property name="java.runtime.name" value="Java(TM) SE Runtime Environment"/>
    <property name="file.encoding" value="Cp1252"/>
    <property name="java.vm.name" value="Java HotSpot(TM) 64-Bit Server VM"/>
    <property name="localRepository" value="C:\Users\CHRISTOPER\.m2\repository"/>
    <property name="java.vendor.url.bug" value="http://bugreport.sun.com/bugreport/"/>
    <property name="java.io.tmpdir" value="C:\Users\CHRISTOPER\AppData\Local\Temp\"/>
    <property name="java.version" value="1.8.0_111"/>
    <property name="user.dir" value="D:\Archivos Christoper\CLASES 2021\2021-II\TALLER DE CONSTRUCCION DE SOFTWARE\Delati project\delati-backend"/>
    <property name="os.arch" value="amd64"/>
    <property name="java.vm.specification.name" value="Java Virtual Machine Specification"/>
    <property name="java.awt.printerjob" value="sun.awt.windows.WPrinterJob"/>
    <property name="sun.os.patch.level" value=""/>
    <property name="java.library.path" value="D:\Archivos de programa\NetBeans 8.2\jdk1.8.0_111\jre\bin;C:\WINDOWS\Sun\Java\bin;C:\WINDOWS\system32;C:\WINDOWS;C:\Program Files (x86)\Common Files\Oracle\Java\javapath;C:\app\CHRISTOPER\product\18.0.0\dbhomeXE\bin;C:\Program Files (x86)\Razer Chroma SDK\bin;C:\Program Files\Razer Chroma SDK\bin;C:\Program Files (x86)\Razer\ChromaBroadcast\bin;C:\Program Files\Razer\ChromaBroadcast\bin;D:\Archivos de programa\jdk1.8.0_111\bin;C:\Windows\system32;C:\Windows;C:\Windows\System32\Wbem;C:\Windows\System32\WindowsPowerShell\v1.0\;C:\Windows\System32\OpenSSH\;C:\Program Files (x86)\NVIDIA Corporation\PhysX\Common;C:\Program Files\NVIDIA Corporation\NVIDIA NvDLISR;C:\WINDOWS\system32;C:\WINDOWS;C:\WINDOWS\System32\Wbem;C:\WINDOWS\System32\WindowsPowerShell\v1.0\;C:\WINDOWS\System32\OpenSSH\;C:\Windows\system32\config\systemprofile\AppData\Local\Microsoft\WindowsApps;C:\WINDOWS\system32\config\systemprofile\AppData\Local\Microsoft\WindowsApps;C:\Program Files (x86)\Rational\common;D:\LINGO64_19\;C:\WINDOWS\system32;C:\WINDOWS;C:\WINDOWS\System32\Wbem;C:\WINDOWS\System32\WindowsPowerShell\v1.0\;C:\WINDOWS\System32\OpenSSH\;D:\Archivos de programa\;D:\Archivos de programa\Git\cmd;D:\Archivos Christoper\CLASES 2021\2021-I\BASE DE DATOS III\MONGO\mongodb-win32-x86_64-windows-4.4.6\bin;C:\Program Files\MySQL\MySQL Server 8.0\bin;D:\Archivos de programa\Apache Software Foundation\Tomcat 9.0\bin;D:\Archivos de programa\Apache Software Foundation\Tomcat 9.0\bin;D:\Archivos de programa\NetBeans 8.2\jdk1.8.0_111\bin;D:\Archivos de programa\nodejs\;C:\Program Files\MySQL\MySQL Shell 8.0\bin\;C:\Users\CHRISTOPER\AppData\Local\Programs\Python\Python38\Scripts\;C:\Users\CHRISTOPER\AppData\Local\Programs\Python\Python38\;C:\Users\CHRISTOPER\AppData\Local\Microsoft\WindowsApps;C:\Users\CHRISTOPER\AppData\Local\GitHubDesktop\bin;C:\Program Files\JetBrains\PyCharm Community Edition 2019.3.1\bin;;C:\Users\CHRISTOPER\AppData\Local\Programs\Microsoft VS Code\bin;D:\Archivos de programa\swipl\bin;C:\Users\CHRISTOPER\AppData\Local\Microsoft\WindowsApps;D:\Archivos de programa\NetBeans 8.2\java\apache-maven-3.8.1\bin;D:\Archivos Christoper\CLASES 2021\2021-I\BASE DE DATOS III\mongodb-shell-windows-x86_64-4.4.6\mongodb-win32-x86_64-windows-4.4.6\bin;D:\Archivos Christoper\CLASES 2021\2021-I\BASE DE DATOS III\MONGO\mongodb-win32-x86_64-windows-4.4.6\bin;D:\Archivos de programa\Apache Software Foundation\Tomcat 9.0\bin;D:\Archivos de programa\NetBeans 8.2\jdk1.8.0_111\bin;D:\Archivos de programa\heroku\bin;C:\Users\CHRISTOPER\AppData\Roaming\npm;."/>
    <property name="java.vm.info" value="mixed mode"/>
    <property name="java.vendor" value="Oracle Corporation"/>
    <property name="java.vm.version" value="25.111-b14"/>
    <property name="java.ext.dirs" value="D:\Archivos de programa\NetBeans 8.2\jdk1.8.0_111\jre\lib\ext;C:\WINDOWS\Sun\Java\lib\ext"/>
    <property name="sun.io.unicode.encoding" value="UnicodeLittle"/>
    <property name="java.class.version" value="52.0"/>
  </properties>
  <testcase name="contextLoads" classname="pe.edu.unmsm.delati.DelatiApplicationTests" time="0.362"/>
</testsuite>